<?xml version="1.0" encoding="UTF-8"?>
<testsuite name="org.hyperskill.photoeditor.Stage6UnitTest" tests="7" skipped="0" failures="0" errors="0" timestamp="2023-03-27T00:14:18" hostname="Puneets-MacBook-Pro.local" time="10.106">
  <properties/>
  <testcase name="test01_checkHighBrightnessValue" classname="org.hyperskill.photoeditor.Stage6UnitTest" time="1.514"/>
  <testcase name="test02_checkSomeContrastValue" classname="org.hyperskill.photoeditor.Stage6UnitTest" time="1.41"/>
  <testcase name="test03_checkSomeSaturationValue" classname="org.hyperskill.photoeditor.Stage6UnitTest" time="1.429"/>
  <testcase name="test04_checkSomeGammaValue" classname="org.hyperskill.photoeditor.Stage6UnitTest" time="1.468"/>
  <testcase name="test05_checkDefaultBitmapEdit" classname="org.hyperskill.photoeditor.Stage6UnitTest" time="1.416"/>
  <testcase name="test06_checkDefaultBitmapEdit2" classname="org.hyperskill.photoeditor.Stage6UnitTest" time="1.456"/>
  <testcase name="test07_checkDefaultBitmapEditWiderSample" classname="org.hyperskill.photoeditor.Stage6UnitTest" time="1.411"/>
  <system-out><![CDATA[onSliderChanges job making calculations running on thread DefaultDispatcher-worker-3 @coroutine#90
120, 0, 0, 1.0
Brightness Filer Applied
Contrast Filer not Applied
Saturation Filer not Applied
Gamma Filer not Applied
onSliderChanges job updating view running on thread SDK 29 Main Thread
onSliderChanges job making calculations running on thread DefaultDispatcher-worker-4 @coroutine#95
0, 100, 0, 1.0
Brightness Filer not Applied
Contrast Filer Applied
Saturation Filer not Applied
Gamma Filer not Applied
onSliderChanges job updating view running on thread SDK 29 Main Thread
onSliderChanges job making calculations running on thread DefaultDispatcher-worker-3 @coroutine#100
0, 0, 80, 1.0
Brightness Filer not Applied
Contrast Filer not Applied
Saturation Filer Applied
Gamma Filer not Applied
onSliderChanges job updating view running on thread SDK 29 Main Thread
onSliderChanges job making calculations running on thread DefaultDispatcher-worker-3 @coroutine#105
0, 0, 0, 1.7999999523162842
Brightness Filer not Applied
Contrast Filer not Applied
Saturation Filer not Applied
Gamma Filer Applied
onSliderChanges job updating view running on thread SDK 29 Main Thread
onSliderChanges job making calculations running on thread DefaultDispatcher-worker-4 @coroutine#110
onSliderChanges job making calculations running on thread DefaultDispatcher-worker-3 @coroutine#111
10, 0, 0, 1.0
10, 40, 0, 1.0
onSliderChanges job making calculations running on thread DefaultDispatcher-worker-4 @coroutine#112
onSliderChanges job making calculations running on thread DefaultDispatcher-worker-2 @coroutine#115
10, 50, 0, 1.0
10, 50, 100, 1.0
Brightness Filer Applied
onSliderChanges job making calculations running on thread DefaultDispatcher-worker-1 @coroutine#118
10, 50, 150, 1.0
onSliderChanges job making calculations running on thread DefaultDispatcher-worker-4 @coroutine#119
10, 50, 150, 0.6000000238418579
Brightness Filer Applied
Contrast Filer Applied
Saturation Filer Applied
Gamma Filer Applied
onSliderChanges job updating view running on thread SDK 29 Main Thread
onSliderChanges job making calculations running on thread DefaultDispatcher-worker-4 @coroutine#125
0, 0, 0, 2.0
onSliderChanges job making calculations running on thread DefaultDispatcher-worker-1 @coroutine#126
0, 0, 50, 2.0
Brightness Filer not Applied
Contrast Filer not Applied
Saturation Filer Applied
onSliderChanges job making calculations running on thread DefaultDispatcher-worker-4 @coroutine#131
10, 0, 50, 2.0
Brightness Filer Applied
onSliderChanges job making calculations running on thread DefaultDispatcher-worker-4 @coroutine#133
10, -10, 50, 2.0
Brightness Filer Applied
onSliderChanges job making calculations running on thread DefaultDispatcher-worker-1 @coroutine#135
20, -10, 50, 2.0
Brightness Filer Applied
Contrast Filer Applied
Saturation Filer Applied
Gamma Filer Applied
onSliderChanges job updating view running on thread SDK 29 Main Thread
onSliderChanges job making calculations running on thread DefaultDispatcher-worker-3 @coroutine#140
10, 0, 0, 1.0
onSliderChanges job making calculations running on thread DefaultDispatcher-worker-4 @coroutine#142
10, 40, 0, 1.0
Brightness Filer Applied
Contrast Filer Applied
onSliderChanges job making calculations running on thread DefaultDispatcher-worker-3 @coroutine#145
10, 50, 0, 1.0
onSliderChanges job making calculations running on thread DefaultDispatcher-worker-4 @coroutine#146
10, 50, 100, 1.0
Brightness Filer Applied
onSliderChanges job making calculations running on thread DefaultDispatcher-worker-3 @coroutine#149
onSliderChanges job making calculations running on thread DefaultDispatcher-worker-2 @coroutine#150
10, 50, 150, 1.0
10, 50, 150, 0.6000000238418579
Brightness Filer Applied
Contrast Filer Applied
Saturation Filer Applied
Gamma Filer Applied
onSliderChanges job updating view running on thread SDK 29 Main Thread
]]></system-out>
  <system-err><![CDATA[]]></system-err>
</testsuite>
