<?xml version="1.0" encoding="UTF-8"?>
<testsuite name="org.hyperskill.photoeditor.Stage5UnitTestB" tests="11" skipped="6" failures="0" errors="0" timestamp="2023-03-27T00:14:14" hostname="Puneets-MacBook-Pro.local" time="4.475">
  <properties/>
  <testcase name="test01_checkSliderSaturation" classname="org.hyperskill.photoeditor.Stage5UnitTestB" time="0.0">
    <skipped/>
  </testcase>
  <testcase name="test02_checkSliderGamma" classname="org.hyperskill.photoeditor.Stage5UnitTestB" time="0.0">
    <skipped/>
  </testcase>
  <testcase name="test03_checkSliderSaturationNotCrashingByDefault" classname="org.hyperskill.photoeditor.Stage5UnitTestB" time="0.0">
    <skipped/>
  </testcase>
  <testcase name="test04_checkSliderGammaNotCrashingByDefault" classname="org.hyperskill.photoeditor.Stage5UnitTestB" time="0.0">
    <skipped/>
  </testcase>
  <testcase name="test05_checkSaturationOnlyWithHints" classname="org.hyperskill.photoeditor.Stage5UnitTestB" time="0.0">
    <skipped/>
  </testcase>
  <testcase name="test06_checkSaturationOnlyWithoutHints" classname="org.hyperskill.photoeditor.Stage5UnitTestB" time="0.918"/>
  <testcase name="test07_checkGammaOnlyWithHints" classname="org.hyperskill.photoeditor.Stage5UnitTestB" time="0.0">
    <skipped/>
  </testcase>
  <testcase name="test08_checkGammaOnlyWithoutHints" classname="org.hyperskill.photoeditor.Stage5UnitTestB" time="0.901"/>
  <testcase name="test09_checkFiltersAppliedInOrder" classname="org.hyperskill.photoeditor.Stage5UnitTestB" time="0.913"/>
  <testcase name="test10_checkFiltersAppliedInReverseOrder" classname="org.hyperskill.photoeditor.Stage5UnitTestB" time="0.881"/>
  <testcase name="test11_checkFiltersAppliedInReverseOrderWiderSample" classname="org.hyperskill.photoeditor.Stage5UnitTestB" time="0.861"/>
  <system-out><![CDATA[onSliderChanges job making calculations running on thread DefaultDispatcher-worker-4 @coroutine#38
0, 0, 80, 1.0
Brightness Filer not Applied
Contrast Filer not Applied
Saturation Filer Applied
Gamma Filer not Applied
onSliderChanges job updating view running on thread SDK 29 Main Thread
onSliderChanges job making calculations running on thread DefaultDispatcher-worker-3 @coroutine#43
0, 0, 0, 1.7999999523162842
Brightness Filer not Applied
Contrast Filer not Applied
Saturation Filer not Applied
Gamma Filer Applied
onSliderChanges job updating view running on thread SDK 29 Main Thread
onSliderChanges job making calculations running on thread DefaultDispatcher-worker-3 @coroutine#48
10, 0, 0, 1.0
Brightness Filer Applied
onSliderChanges job making calculations running on thread DefaultDispatcher-worker-3 @coroutine#50
10, 40, 0, 1.0
onSliderChanges job making calculations running on thread DefaultDispatcher-worker-4 @coroutine#51
10, 50, 0, 1.0
Brightness Filer Applied
onSliderChanges job making calculations running on thread DefaultDispatcher-worker-1 @coroutine#54
10, 50, 100, 1.0
onSliderChanges job making calculations running on thread DefaultDispatcher-worker-2 @coroutine#55
10, 50, 150, 1.0
onSliderChanges job making calculations running on thread DefaultDispatcher-worker-3 @coroutine#58
10, 50, 150, 0.6000000238418579
Brightness Filer Applied
Contrast Filer Applied
Saturation Filer Applied
Gamma Filer Applied
onSliderChanges job updating view running on thread SDK 29 Main Thread
onSliderChanges job making calculations running on thread DefaultDispatcher-worker-3 @coroutine#63
onSliderChanges job making calculations running on thread DefaultDispatcher-worker-4 @coroutine#64
0, 0, 0, 2.0
0, 0, 50, 2.0
Brightness Filer not Applied
Contrast Filer not Applied
onSliderChanges job making calculations running on thread DefaultDispatcher-worker-2 @coroutine#68
onSliderChanges job making calculations running on thread DefaultDispatcher-worker-1 @coroutine#69
0, -10, 50, 2.0
10, -10, 50, 2.0
Brightness Filer Applied
onSliderChanges job making calculations running on thread DefaultDispatcher-worker-3 @coroutine#72
20, -10, 50, 2.0
Brightness Filer Applied
Contrast Filer Applied
Saturation Filer Applied
Gamma Filer Applied
onSliderChanges job updating view running on thread SDK 29 Main Thread
onSliderChanges job making calculations running on thread DefaultDispatcher-worker-1 @coroutine#77
onSliderChanges job making calculations running on thread DefaultDispatcher-worker-3 @coroutine#78
0, 50, 0, 1.0
10, 50, 0, 1.0
Brightness Filer Applied
Contrast Filer Applied
onSliderChanges job making calculations running on thread DefaultDispatcher-worker-4 @coroutine#82
10, 50, 0, 0.6000000238418579
Brightness Filer Applied
Contrast Filer Applied
onSliderChanges job making calculations running on thread DefaultDispatcher-worker-1 @coroutine#85
10, 50, 150, 0.6000000238418579
Brightness Filer Applied
Contrast Filer Applied
Saturation Filer Applied
Gamma Filer Applied
onSliderChanges job updating view running on thread SDK 29 Main Thread
]]></system-out>
  <system-err><![CDATA[]]></system-err>
</testsuite>
